0 info it worked if it ends with ok
1 verbose cli [ 'C:\\Program Files\\nodejs\\node.exe',
1 verbose cli   'C:\\Program Files\\nodejs\\node_modules\\npm\\bin\\npm-cli.js',
1 verbose cli   'adduser' ]
2 info using npm@2.14.12
3 info using node@v4.2.4
4 verbose adduser before first PUT { _id: 'org.couchdb.user:cdpace',
4 verbose adduser   name: 'cdpace',
4 verbose adduser   password: 'XXXXX',
4 verbose adduser   email: 'christianpace105@gmail.com',
4 verbose adduser   type: 'user',
4 verbose adduser   roles: [],
4 verbose adduser   date: '2016-04-16T11:56:14.842Z' }
5 verbose request uri https://registry.npmjs.org/-/user/org.couchdb.user:cdpace
6 verbose request new user, so can't send auth
7 info attempt registry request try #1 at 1:56:14 PM
8 verbose request id fbb749182e5b22e4
9 http request PUT https://registry.npmjs.org/-/user/org.couchdb.user:cdpace
10 http 401 https://registry.npmjs.org/-/user/org.couchdb.user:cdpace
11 verbose headers { 'content-type': 'application/json',
11 verbose headers   'cache-control': 'max-age=300',
11 verbose headers   'content-length': '46',
11 verbose headers   'accept-ranges': 'bytes',
11 verbose headers   date: 'Sat, 16 Apr 2016 11:56:03 GMT',
11 verbose headers   via: '1.1 varnish',
11 verbose headers   connection: 'keep-alive',
11 verbose headers   'x-served-by': 'cache-fra1230-FRA',
11 verbose headers   'x-cache': 'MISS',
11 verbose headers   'x-cache-hits': '0',
11 verbose headers   'x-timer': 'S1460807763.297884,VS0,VE694',
11 verbose headers   vary: 'Accept-Encoding' }
12 verbose request invalidating C:\Users\Christian\AppData\Roaming\npm-cache\registry.npmjs.org\-\user\org.couchdb.user_3Acdpace on PUT
13 verbose adduser back [ { [Error: Registry returned 401 for PUT on https://registry.npmjs.org/-/user/org.couchdb.user:cdpace] statusCode: 401, code: 'E401' },
13 verbose adduser   { ok: false, id: 'org.couchdb.user:undefined' },
13 verbose adduser   '{"ok":false,"id":"org.couchdb.user:undefined"}' ]
14 warn adduser Incorrect username or password
14 warn adduser You can reset your account by visiting:
14 warn adduser
14 warn adduser     https://npmjs.org/forgot
15 verbose stack Error: Registry returned 401 for PUT on https://registry.npmjs.org/-/user/org.couchdb.user:cdpace
15 verbose stack     at makeError (C:\Program Files\nodejs\node_modules\npm\node_modules\npm-registry-client\lib\request.js:264:12)
15 verbose stack     at CachingRegistryClient.<anonymous> (C:\Program Files\nodejs\node_modules\npm\node_modules\npm-registry-client\lib\request.js:242:14)
15 verbose stack     at Request._callback (C:\Program Files\nodejs\node_modules\npm\node_modules\npm-registry-client\lib\request.js:172:14)
15 verbose stack     at Request.self.callback (C:\Program Files\nodejs\node_modules\npm\node_modules\request\request.js:198:22)
15 verbose stack     at emitTwo (events.js:87:13)
15 verbose stack     at Request.emit (events.js:172:7)
15 verbose stack     at Request.<anonymous> (C:\Program Files\nodejs\node_modules\npm\node_modules\request\request.js:1082:10)
15 verbose stack     at emitOne (events.js:82:20)
15 verbose stack     at Request.emit (events.js:169:7)
15 verbose stack     at IncomingMessage.<anonymous> (C:\Program Files\nodejs\node_modules\npm\node_modules\request\request.js:1009:12)
16 verbose statusCode 401
17 verbose cwd c:\Users\Christian\Desktop\ntepace
18 error Windows_NT 6.3.9600
19 error argv "C:\\Program Files\\nodejs\\node.exe" "C:\\Program Files\\nodejs\\node_modules\\npm\\bin\\npm-cli.js" "adduser"
20 error node v4.2.4
21 error npm  v2.14.12
22 error code E401
23 error Registry returned 401 for PUT on https://registry.npmjs.org/-/user/org.couchdb.user:cdpace
24 error If you need help, you may report this error at:
24 error     <https://github.com/npm/npm/issues>
25 verbose exit [ 1, true ]
